
*** Running vivado
    with args -log Clk_Gen.vds -m64 -product Vivado -mode batch -messageDb vivado.pb -notrace -source Clk_Gen.tcl


****** Vivado v2017.2 (64-bit)
  **** SW Build 1909853 on Thu Jun 15 18:39:09 MDT 2017
  **** IP Build 1909766 on Thu Jun 15 19:58:00 MDT 2017
    ** Copyright 1986-2017 Xilinx, Inc. All Rights Reserved.

source Clk_Gen.tcl -notrace
Starting RTL Elaboration : Time (s): cpu = 00:00:04 ; elapsed = 00:00:05 . Memory (MB): peak = 323.430 ; gain = 78.906
INFO: [Synth 8-638] synthesizing module 'Clk_Gen' [c:/Users/joseangelSSD/Documents/LCSE1819/PICTOP/PICTOP.srcs/sources_1/ip/Clk_Gen/Clk_Gen.v:70]
INFO: [Synth 8-638] synthesizing module 'Clk_Gen_clk_wiz' [c:/Users/joseangelSSD/Documents/LCSE1819/PICTOP/PICTOP.srcs/sources_1/ip/Clk_Gen/Clk_Gen_clk_wiz.v:68]
INFO: [Synth 8-638] synthesizing module 'IBUF' [C:/Xilinx/Vivado/2017.2/scripts/rt/data/unisim_comp.v:14470]
INFO: [Synth 8-256] done synthesizing module 'IBUF' (1#1) [C:/Xilinx/Vivado/2017.2/scripts/rt/data/unisim_comp.v:14470]
INFO: [Synth 8-638] synthesizing module 'MMCME2_ADV' [C:/Xilinx/Vivado/2017.2/scripts/rt/data/unisim_comp.v:20759]
INFO: [Synth 8-256] done synthesizing module 'MMCME2_ADV' (2#1) [C:/Xilinx/Vivado/2017.2/scripts/rt/data/unisim_comp.v:20759]
INFO: [Synth 8-638] synthesizing module 'BUFG' [C:/Xilinx/Vivado/2017.2/scripts/rt/data/unisim_comp.v:607]
INFO: [Synth 8-256] done synthesizing module 'BUFG' (3#1) [C:/Xilinx/Vivado/2017.2/scripts/rt/data/unisim_comp.v:607]
INFO: [Synth 8-256] done synthesizing module 'Clk_Gen_clk_wiz' (4#1) [c:/Users/joseangelSSD/Documents/LCSE1819/PICTOP/PICTOP.srcs/sources_1/ip/Clk_Gen/Clk_Gen_clk_wiz.v:68]
INFO: [Synth 8-256] done synthesizing module 'Clk_Gen' (5#1) [c:/Users/joseangelSSD/Documents/LCSE1819/PICTOP/PICTOP.srcs/sources_1/ip/Clk_Gen/Clk_Gen.v:70]
Finished RTL Elaboration : Time (s): cpu = 00:00:05 ; elapsed = 00:00:06 . Memory (MB): peak = 363.441 ; gain = 118.918
Finished RTL Optimization Phase 1 : Time (s): cpu = 00:00:06 ; elapsed = 00:00:06 . Memory (MB): peak = 363.441 ; gain = 118.918
INFO: [Device 21-403] Loading part xc7a100tcsg324-1
Constraint Validation Runtime : Time (s): cpu = 00:00:00 ; elapsed = 00:00:00.020 . Memory (MB): peak = 587.992 ; gain = 0.000
Finished Constraint Validation : Time (s): cpu = 00:00:18 ; elapsed = 00:00:20 . Memory (MB): peak = 587.992 ; gain = 343.469
Finished Loading Part and Timing Information : Time (s): cpu = 00:00:18 ; elapsed = 00:00:20 . Memory (MB): peak = 587.992 ; gain = 343.469
Finished applying 'set_property' XDC Constraints : Time (s): cpu = 00:00:18 ; elapsed = 00:00:20 . Memory (MB): peak = 587.992 ; gain = 343.469
Finished RTL Optimization Phase 2 : Time (s): cpu = 00:00:18 ; elapsed = 00:00:20 . Memory (MB): peak = 587.992 ; gain = 343.469
Finished Cross Boundary and Area Optimization : Time (s): cpu = 00:00:19 ; elapsed = 00:00:20 . Memory (MB): peak = 587.992 ; gain = 343.469
Finished Applying XDC Timing Constraints : Time (s): cpu = 00:00:33 ; elapsed = 00:00:35 . Memory (MB): peak = 610.203 ; gain = 365.680
Finished Timing Optimization : Time (s): cpu = 00:00:33 ; elapsed = 00:00:35 . Memory (MB): peak = 610.203 ; gain = 365.680
Finished Technology Mapping : Time (s): cpu = 00:00:33 ; elapsed = 00:00:35 . Memory (MB): peak = 620.348 ; gain = 375.824
Finished IO Insertion : Time (s): cpu = 00:00:34 ; elapsed = 00:00:36 . Memory (MB): peak = 620.348 ; gain = 375.824
Finished Renaming Generated Instances : Time (s): cpu = 00:00:34 ; elapsed = 00:00:36 . Memory (MB): peak = 620.348 ; gain = 375.824
Finished Rebuilding User Hierarchy : Time (s): cpu = 00:00:34 ; elapsed = 00:00:36 . Memory (MB): peak = 620.348 ; gain = 375.824
Finished Renaming Generated Ports : Time (s): cpu = 00:00:34 ; elapsed = 00:00:36 . Memory (MB): peak = 620.348 ; gain = 375.824
Finished Handling Custom Attributes : Time (s): cpu = 00:00:34 ; elapsed = 00:00:36 . Memory (MB): peak = 620.348 ; gain = 375.824
Finished Renaming Generated Nets : Time (s): cpu = 00:00:34 ; elapsed = 00:00:36 . Memory (MB): peak = 620.348 ; gain = 375.824

Report Cell Usage: 
+------+-----------+------+
|      |Cell       |Count |
+------+-----------+------+
|1     |BUFG       |     2|
|2     |MMCME2_ADV |     1|
|3     |IBUF       |     1|
+------+-----------+------+
Finished Writing Synthesis Report : Time (s): cpu = 00:00:34 ; elapsed = 00:00:36 . Memory (MB): peak = 620.348 ; gain = 375.824
synth_design: Time (s): cpu = 00:00:36 ; elapsed = 00:00:38 . Memory (MB): peak = 633.871 ; gain = 391.977
