Copyright 1986-2017 Xilinx, Inc. All Rights Reserved.
----------------------------------------------------------------------------------------------------------------------------------------
| Tool Version     : Vivado v.2017.2 (win64) Build 1909853 Thu Jun 15 18:39:09 MDT 2017
| Date             : Tue Jun 25 13:02:18 2019
| Host             : joseangelSSD-PC running 64-bit Service Pack 1  (build 7601)
| Command          : report_power -file PICtop_power_routed.rpt -pb PICtop_power_summary_routed.pb -rpx PICtop_power_routed.rpx
| Design           : PICtop
| Device           : xc7a100tcsg324-1
| Design State     : routed
| Grade            : commercial
| Process          : typical
| Characterization : Production
----------------------------------------------------------------------------------------------------------------------------------------

Power Report

Table of Contents
-----------------
1. Summary
1.1 On-Chip Components
1.2 Power Supply Summary
1.3 Confidence Level
2. Settings
2.1 Environment
2.2 Clock Constraints
3. Detailed Reports
3.1 By Hierarchy

1. Summary
----------

+--------------------------+--------+
| Total On-Chip Power (W)  | 0.219  |
| Dynamic (W)              | 0.114  |
| Device Static (W)        | 0.105  |
| Effective TJA (C/W)      | 4.6    |
| Max Ambient (C)          | 84.0   |
| Junction Temperature (C) | 26.0   |
| Confidence Level         | Medium |
| Setting File             | ---    |
| Simulation Activity File | ---    |
| Design Nets Matched      | NA     |
+--------------------------+--------+


1.1 On-Chip Components
----------------------

+----------------+-----------+----------+-----------+-----------------+
| On-Chip        | Power (W) | Used     | Available | Utilization (%) |
+----------------+-----------+----------+-----------+-----------------+
| Clocks         |     0.001 |        8 |       --- |             --- |
| Slice Logic    |    <0.001 |     3996 |       --- |             --- |
|   LUT as Logic |    <0.001 |     1211 |     63400 |            1.91 |
|   CARRY4       |    <0.001 |       11 |     15850 |            0.07 |
|   Register     |    <0.001 |     2214 |    126800 |            1.75 |
|   F7/F8 Muxes  |    <0.001 |      417 |     63400 |            0.66 |
|   Others       |     0.000 |       17 |       --- |             --- |
| Signals        |    <0.001 |     3071 |       --- |             --- |
| Block RAM      |    <0.001 |      0.5 |       135 |            0.37 |
| MMCM           |     0.112 |        1 |         6 |           16.67 |
| I/O            |    <0.001 |       26 |       210 |           12.38 |
| Static Power   |     0.105 |          |           |                 |
| Total          |     0.219 |          |           |                 |
+----------------+-----------+----------+-----------+-----------------+


1.2 Power Supply Summary
------------------------

+-----------+-------------+-----------+-------------+------------+
| Source    | Voltage (V) | Total (A) | Dynamic (A) | Static (A) |
+-----------+-------------+-----------+-------------+------------+
| Vccint    |       1.000 |     0.018 |       0.003 |      0.015 |
| Vccaux    |       1.800 |     0.080 |       0.062 |      0.018 |
| Vcco33    |       3.300 |     0.004 |       0.000 |      0.004 |
| Vcco25    |       2.500 |     0.000 |       0.000 |      0.000 |
| Vcco18    |       1.800 |     0.004 |       0.000 |      0.004 |
| Vcco15    |       1.500 |     0.000 |       0.000 |      0.000 |
| Vcco135   |       1.350 |     0.000 |       0.000 |      0.000 |
| Vcco12    |       1.200 |     0.000 |       0.000 |      0.000 |
| Vccaux_io |       1.800 |     0.000 |       0.000 |      0.000 |
| Vccbram   |       1.000 |     0.000 |       0.000 |      0.000 |
| MGTAVcc   |       1.000 |     0.000 |       0.000 |      0.000 |
| MGTAVtt   |       1.200 |     0.000 |       0.000 |      0.000 |
| Vccadc    |       1.800 |     0.020 |       0.000 |      0.020 |
+-----------+-------------+-----------+-------------+------------+


1.3 Confidence Level
--------------------

+-----------------------------+------------+-------------------------------------------------------+------------------------------------------------------------------------------------------------------------+
| User Input Data             | Confidence | Details                                               | Action                                                                                                     |
+-----------------------------+------------+-------------------------------------------------------+------------------------------------------------------------------------------------------------------------+
| Design implementation state | High       | Design is routed                                      |                                                                                                            |
| Clock nodes activity        | High       | User specified more than 95% of clocks                |                                                                                                            |
| I/O nodes activity          | Medium     | More than 5% of inputs are missing user specification | Provide missing input activity with simulation results or by editing the "By Resource Type -> I/Os" view   |
| Internal nodes activity     | Medium     | User specified less than 25% of internal nodes        | Provide missing internal nodes activity with simulation results or by editing the "By Resource Type" views |
| Device models               | High       | Device models are Production                          |                                                                                                            |
|                             |            |                                                       |                                                                                                            |
| Overall confidence level    | Medium     |                                                       |                                                                                                            |
+-----------------------------+------------+-------------------------------------------------------+------------------------------------------------------------------------------------------------------------+


2. Settings
-----------

2.1 Environment
---------------

+-----------------------+--------------------------+
| Ambient Temp (C)      | 25.0                     |
| ThetaJA (C/W)         | 4.6                      |
| Airflow (LFM)         | 250                      |
| Heat Sink             | medium (Medium Profile)  |
| ThetaSA (C/W)         | 4.6                      |
| Board Selection       | medium (10"x10")         |
| # of Board Layers     | 12to15 (12 to 15 Layers) |
| Board Temperature (C) | 25.0                     |
+-----------------------+--------------------------+


2.2 Clock Constraints
---------------------

+--------------------+-------------------------------------------------------------------------+-----------------+
| Clock              | Domain                                                                  | Constraint (ns) |
+--------------------+-------------------------------------------------------------------------+-----------------+
| CLK100MHZ          | CLK100MHZ                                                               |            10.0 |
| clk_out1_Clk_Gen   | rs232dmaramtop_bloque/bloqueRS232/Clock_generator/inst/clk_out1_Clk_Gen |            50.0 |
| clk_out1_Clk_Gen_1 | rs232dmaramtop_bloque/bloqueRS232/Clock_generator/inst/clk_out1_Clk_Gen |            50.0 |
| clkfbout_Clk_Gen   | rs232dmaramtop_bloque/bloqueRS232/Clock_generator/inst/clkfbout_Clk_Gen |            10.0 |
| clkfbout_Clk_Gen_1 | rs232dmaramtop_bloque/bloqueRS232/Clock_generator/inst/clkfbout_Clk_Gen |            10.0 |
| sys_clk_pin        | CLK100MHZ                                                               |            10.0 |
+--------------------+-------------------------------------------------------------------------+-----------------+


3. Detailed Reports
-------------------

3.1 By Hierarchy
----------------

+------------------------------------------------------------+-----------+
| Name                                                       | Power (W) |
+------------------------------------------------------------+-----------+
| PICtop                                                     |     0.114 |
|   ALU_bloque                                               |    <0.001 |
|   CPU_bloque                                               |    <0.001 |
|   ROM_bloque                                               |    <0.001 |
|   rs232dmaramtop_bloque                                    |     0.114 |
|     bloqueDMA                                              |    <0.001 |
|     bloqueRAM                                              |    <0.001 |
|     bloqueRS232                                            |     0.112 |
|       Clock_generator                                      |     0.112 |
|         inst                                               |     0.112 |
|       Internal_memory                                      |    <0.001 |
|         U0                                                 |    <0.001 |
|           inst_fifo_gen                                    |    <0.001 |
|             gconvfifo.rf                                   |    <0.001 |
|               grf.rf                                       |    <0.001 |
|                 gntv_or_sync_fifo.gl0.rd                   |    <0.001 |
|                   grss.rsts                                |    <0.001 |
|                   rpntr                                    |    <0.001 |
|                 gntv_or_sync_fifo.gl0.wr                   |    <0.001 |
|                   gwss.wsts                                |    <0.001 |
|                   wpntr                                    |    <0.001 |
|                 gntv_or_sync_fifo.mem                      |    <0.001 |
|                   gbm.gbmg.gbmga.ngecc.bmg                 |    <0.001 |
|                     inst_blk_mem_gen                       |    <0.001 |
|                       gnbram.gnativebmg.native_blk_mem_gen |    <0.001 |
|                         valid.cstr                         |    <0.001 |
|                           ramloop[0].ram.r                 |    <0.001 |
|                             prim_noinit.ram                |    <0.001 |
|       Receiver                                             |    <0.001 |
|       Shift                                                |    <0.001 |
|       Transmitter                                          |    <0.001 |
+------------------------------------------------------------+-----------+


