Copyright 1986-2017 Xilinx, Inc. All Rights Reserved.
----------------------------------------------------------------------------------------------------------------------------------------------
| Tool Version     : Vivado v.2017.2 (win64) Build 1909853 Thu Jun 15 18:39:09 MDT 2017
| Date             : Tue Apr 23 13:59:22 2019
| Host             : joseangelSSD-PC running 64-bit Service Pack 1  (build 7601)
| Command          : report_power -file RS232top_power_routed.rpt -pb RS232top_power_summary_routed.pb -rpx RS232top_power_routed.rpx
| Design           : RS232top
| Device           : xc7a100tcsg324-1
| Design State     : routed
| Grade            : commercial
| Process          : typical
| Characterization : Production
----------------------------------------------------------------------------------------------------------------------------------------------

Power Report

Table of Contents
-----------------
1. Summary
1.1 On-Chip Components
1.2 Power Supply Summary
1.3 Confidence Level
2. Settings
2.1 Environment
2.2 Clock Constraints
3. Detailed Reports
3.1 By Hierarchy

1. Summary
----------

+--------------------------+-------+
| Total On-Chip Power (W)  | 0.218 |
| Dynamic (W)              | 0.113 |
| Device Static (W)        | 0.105 |
| Effective TJA (C/W)      | 4.6   |
| Max Ambient (C)          | 84.0  |
| Junction Temperature (C) | 26.0  |
| Confidence Level         | Low   |
| Setting File             | ---   |
| Simulation Activity File | ---   |
| Design Nets Matched      | NA    |
+--------------------------+-------+


1.1 On-Chip Components
----------------------

+----------------+-----------+----------+-----------+-----------------+
| On-Chip        | Power (W) | Used     | Available | Utilization (%) |
+----------------+-----------+----------+-----------+-----------------+
| Clocks         |    <0.001 |        5 |       --- |             --- |
| Slice Logic    |    <0.001 |      177 |       --- |             --- |
|   LUT as Logic |    <0.001 |       68 |     63400 |            0.11 |
|   Register     |    <0.001 |       77 |    126800 |            0.06 |
|   Others       |     0.000 |       15 |       --- |             --- |
| Signals        |    <0.001 |      156 |       --- |             --- |
| Block RAM      |    <0.001 |      0.5 |       135 |            0.37 |
| MMCM           |     0.112 |        1 |         6 |           16.67 |
| I/O            |    <0.001 |       26 |       210 |           12.38 |
| Static Power   |     0.105 |          |           |                 |
| Total          |     0.218 |          |           |                 |
+----------------+-----------+----------+-----------+-----------------+


1.2 Power Supply Summary
------------------------

+-----------+-------------+-----------+-------------+------------+
| Source    | Voltage (V) | Total (A) | Dynamic (A) | Static (A) |
+-----------+-------------+-----------+-------------+------------+
| Vccint    |       1.000 |     0.017 |       0.001 |      0.015 |
| Vccaux    |       1.800 |     0.080 |       0.062 |      0.018 |
| Vcco33    |       3.300 |     0.004 |       0.000 |      0.004 |
| Vcco25    |       2.500 |     0.000 |       0.000 |      0.000 |
| Vcco18    |       1.800 |     0.004 |       0.000 |      0.004 |
| Vcco15    |       1.500 |     0.000 |       0.000 |      0.000 |
| Vcco135   |       1.350 |     0.000 |       0.000 |      0.000 |
| Vcco12    |       1.200 |     0.000 |       0.000 |      0.000 |
| Vccaux_io |       1.800 |     0.000 |       0.000 |      0.000 |
| Vccbram   |       1.000 |     0.000 |       0.000 |      0.000 |
| MGTAVcc   |       1.000 |     0.000 |       0.000 |      0.000 |
| MGTAVtt   |       1.200 |     0.000 |       0.000 |      0.000 |
| Vccadc    |       1.800 |     0.020 |       0.000 |      0.020 |
+-----------+-------------+-----------+-------------+------------+


1.3 Confidence Level
--------------------

+-----------------------------+------------+--------------------------------------------------------+--------------------------------------------------------------------------------------------------------------------+
| User Input Data             | Confidence | Details                                                | Action                                                                                                             |
+-----------------------------+------------+--------------------------------------------------------+--------------------------------------------------------------------------------------------------------------------+
| Design implementation state | High       | Design is routed                                       |                                                                                                                    |
| Clock nodes activity        | Medium     | More than 5% of clocks are missing user specification  | Provide missing clock activity with a constraint file, simulation results or by editing the "By Clock Domain" view |
| I/O nodes activity          | Low        | More than 75% of inputs are missing user specification | Provide missing input activity with simulation results or by editing the "By Resource Type -> I/Os" view           |
| Internal nodes activity     | Medium     | User specified less than 25% of internal nodes         | Provide missing internal nodes activity with simulation results or by editing the "By Resource Type" views         |
| Device models               | High       | Device models are Production                           |                                                                                                                    |
|                             |            |                                                        |                                                                                                                    |
| Overall confidence level    | Low        |                                                        |                                                                                                                    |
+-----------------------------+------------+--------------------------------------------------------+--------------------------------------------------------------------------------------------------------------------+


2. Settings
-----------

2.1 Environment
---------------

+-----------------------+--------------------------+
| Ambient Temp (C)      | 25.0                     |
| ThetaJA (C/W)         | 4.6                      |
| Airflow (LFM)         | 250                      |
| Heat Sink             | medium (Medium Profile)  |
| ThetaSA (C/W)         | 4.6                      |
| Board Selection       | medium (10"x10")         |
| # of Board Layers     | 12to15 (12 to 15 Layers) |
| Board Temperature (C) | 25.0                     |
+-----------------------+--------------------------+


2.2 Clock Constraints
---------------------

+------------------+---------------------------------------+-----------------+
| Clock            | Domain                                | Constraint (ns) |
+------------------+---------------------------------------+-----------------+
| Clk100MHz        | Clk100MHz                             |            10.0 |
| clk_out1_Clk_Gen | Clock_generator/inst/clk_out1_Clk_Gen |            50.0 |
| clkfbout_Clk_Gen | Clock_generator/inst/clkfbout_Clk_Gen |            10.0 |
+------------------+---------------------------------------+-----------------+


3. Detailed Reports
-------------------

3.1 By Hierarchy
----------------

+--------------------------------------------------------+-----------+
| Name                                                   | Power (W) |
+--------------------------------------------------------+-----------+
| RS232top                                               |     0.113 |
|   Clock_generator                                      |     0.112 |
|     inst                                               |     0.112 |
|   Internal_memory                                      |    <0.001 |
|     U0                                                 |    <0.001 |
|       inst_fifo_gen                                    |    <0.001 |
|         gconvfifo.rf                                   |    <0.001 |
|           grf.rf                                       |    <0.001 |
|             gntv_or_sync_fifo.gl0.rd                   |    <0.001 |
|               grss.rsts                                |    <0.001 |
|               rpntr                                    |    <0.001 |
|             gntv_or_sync_fifo.gl0.wr                   |    <0.001 |
|               gwss.wsts                                |    <0.001 |
|               wpntr                                    |    <0.001 |
|             gntv_or_sync_fifo.mem                      |    <0.001 |
|               gbm.gbmg.gbmga.ngecc.bmg                 |    <0.001 |
|                 inst_blk_mem_gen                       |    <0.001 |
|                   gnbram.gnativebmg.native_blk_mem_gen |    <0.001 |
|                     valid.cstr                         |    <0.001 |
|                       ramloop[0].ram.r                 |    <0.001 |
|                         prim_noinit.ram                |    <0.001 |
|   Receiver                                             |    <0.001 |
|   Transmitter                                          |    <0.001 |
+--------------------------------------------------------+-----------+


