Copyright 1986-2017 Xilinx, Inc. All Rights Reserved.
-------------------------------------------------------------------------------------
| Tool Version : Vivado v.2017.2 (win64) Build 1909853 Thu Jun 15 18:39:09 MDT 2017
| Date         : Tue Apr 23 13:58:17 2019
| Host         : joseangelSSD-PC running 64-bit Service Pack 1  (build 7601)
| Command      : report_control_sets -verbose -file RS232top_control_sets_placed.rpt
| Design       : RS232top
| Device       : xc7a100t
-------------------------------------------------------------------------------------

Control Set Information

Table of Contents
-----------------
1. Summary
2. Flip-Flop Distribution
3. Detailed Control Set Information

1. Summary
----------

+----------------------------------------------------------+-------+
|                          Status                          | Count |
+----------------------------------------------------------+-------+
| Number of unique control sets                            |    13 |
| Unused register locations in slices containing registers |    43 |
+----------------------------------------------------------+-------+


2. Flip-Flop Distribution
-------------------------

+--------------+-----------------------+------------------------+-----------------+--------------+
| Clock Enable | Synchronous Set/Reset | Asynchronous Set/Reset | Total Registers | Total Slices |
+--------------+-----------------------+------------------------+-----------------+--------------+
| No           | No                    | No                     |              22 |           11 |
| No           | No                    | Yes                    |              19 |            9 |
| No           | Yes                   | No                     |               4 |            2 |
| Yes          | No                    | No                     |               0 |            0 |
| Yes          | No                    | Yes                    |              16 |            6 |
| Yes          | Yes                   | No                     |              16 |            4 |
+--------------+-----------------------+------------------------+-----------------+--------------+


3. Detailed Control Set Information
-----------------------------------

+---------------------------------------------+----------------------------------------------------------------------------------------------+-------------------+------------------+----------------+
|                 Clock Signal                |                                         Enable Signal                                        |  Set/Reset Signal | Slice Load Count | Bel Load Count |
+---------------------------------------------+----------------------------------------------------------------------------------------------+-------------------+------------------+----------------+
|  Receiver/Store_out_reg_i_2_n_0             |                                                                                              |                   |                1 |              1 |
|  Transmitter/eot_reg_i_2_n_0                |                                                                                              |                   |                1 |              1 |
|  Transmitter/tx_reg_i_2_n_0                 |                                                                                              |                   |                1 |              1 |
|  Transmitter/estado_s_reg[1]_i_2_n_0        |                                                                                              |                   |                1 |              2 |
|  Receiver/estado_s_reg[1]_i_2__0_n_0        |                                                                                              |                   |                1 |              2 |
|  Clock_generator/inst/clk_out1              |                                                                                              |                   |                2 |              3 |
|  Receiver/data_siguiente_reg[3]_i_2_n_0     |                                                                                              |                   |                1 |              4 |
|  Receiver/contador_siguiente_reg[7]_i_2_n_0 |                                                                                              |                   |                3 |              8 |
|  Clock_generator/inst/clk_out1              | Transmitter/pulse_width[7]_i_1_n_0                                                           | Transmitter/AR[0] |                3 |              8 |
|  Clock_generator/inst/clk_out1              | Transmitter/E[0]                                                                             | Transmitter/AR[0] |                3 |              8 |
|  Clock_generator/inst/clk_out1              | Internal_memory/U0/inst_fifo_gen/gconvfifo.rf/grf.rf/gntv_or_sync_fifo.gl0.wr/gwss.wsts/E[0] | Transmitter/AR[0] |                2 |              8 |
|  Clock_generator/inst/clk_out1              | Internal_memory/U0/inst_fifo_gen/gconvfifo.rf/grf.rf/gntv_or_sync_fifo.gl0.rd/grss.rsts/E[0] | Transmitter/AR[0] |                2 |              8 |
|  Clock_generator/inst/clk_out1              |                                                                                              | Transmitter/AR[0] |               11 |             23 |
+---------------------------------------------+----------------------------------------------------------------------------------------------+-------------------+------------------+----------------+


+--------+-----------------------+
| Fanout | Number of ControlSets |
+--------+-----------------------+
| 1      |                     3 |
| 2      |                     2 |
| 3      |                     1 |
| 4      |                     1 |
| 8      |                     5 |
| 16+    |                     1 |
+--------+-----------------------+


