#-----------------------------------------------------------
# Vivado v2017.2 (64-bit)
# SW Build 1909853 on Thu Jun 15 18:39:09 MDT 2017
# IP Build 1909766 on Thu Jun 15 19:58:00 MDT 2017
# Start of session at: Tue Jun 18 04:59:16 2019
# Process ID: 5612
# Current directory: C:/Users/joseangelSSD/Documents/LCSE1819/rs232-dma-ram-topsolo
# Command line: vivado.exe -gui_launcher_event rodinguilauncherevent10480 C:\Users\joseangelSSD\Documents\LCSE1819\rs232-dma-ram-topsolo\rs232-dma-ram.xpr
# Log file: C:/Users/joseangelSSD/Documents/LCSE1819/rs232-dma-ram-topsolo/vivado.log
# Journal file: C:/Users/joseangelSSD/Documents/LCSE1819/rs232-dma-ram-topsolo\vivado.jou
#-----------------------------------------------------------
start_gui
open_project C:/Users/joseangelSSD/Documents/LCSE1819/rs232-dma-ram-topsolo/rs232-dma-ram.xpr
Scanning sources...
Finished scanning sources
INFO: [IP_Flow 19-234] Refreshing IP repositories
INFO: [IP_Flow 19-1704] No user IP repositories specified
INFO: [IP_Flow 19-2313] Loaded Vivado IP repository 'C:/Xilinx/Vivado/2017.2/data/ip'.
open_project: Time (s): cpu = 00:00:21 ; elapsed = 00:00:09 . Memory (MB): peak = 796.418 ; gain = 49.184
update_compile_order -fileset sources_1
