Vivado Simulator 2017.2
Copyright 1986-1999, 2001-2016 Xilinx, Inc. All Rights Reserved.
Running: C:/Xilinx/Vivado/2017.2/bin/unwrapped/win64.o/xelab.exe -wto dd5f14d2c87b41d99ca49f7423ce1af2 --debug typical --relax --mt 2 -L xil_defaultlib -L secureip --snapshot RS232dmaramtop_TB_func_synth xil_defaultlib.RS232dmaramtop_TB -log elaborate.log 
Using 2 slave threads.
Starting static elaboration
Completed static elaboration
Starting simulation data flow analysis
Completed simulation data flow analysis
Time Resolution for simulation is 1ps
Compiling package std.standard
Compiling package std.textio
Compiling package ieee.std_logic_1164
Compiling package ieee.numeric_std
Compiling package unisim.vcomponents
Compiling package ieee.vital_timing
Compiling package ieee.vital_primitives
Compiling package unisim.vpkg
Compiling package ieee.std_logic_arith
Compiling package ieee.std_logic_signed
Compiling package ieee.std_logic_textio
Compiling architecture ibuf_v of entity unisim.IBUF [\IBUF(1,9,1,1,1,4,1,7)\]
Compiling architecture obuf_v of entity unisim.OBUF [\OBUF(1,9,1,7,1,4)\]
Compiling architecture obuft_v of entity unisim.OBUFT [\OBUFT(1,9,1,7,1,4)\]
Compiling architecture lut1_v of entity unisim.LUT1 [\LUT1(init="0001")(0,3)\]
Compiling architecture ldce_v of entity unisim.LDCE [ldce_default]
Compiling architecture lut4_v of entity unisim.LUT4 [\LUT4(init="0000000000011111")(0...]
Compiling architecture lut2_v of entity unisim.LUT2 [\LUT2(init="0001")(0,3)\]
Compiling architecture lut4_v of entity unisim.LUT4 [\LUT4(init="0101010001010011")(0...]
Compiling architecture lut4_v of entity unisim.LUT4 [\LUT4(init="0000111100010000")(0...]
Compiling architecture lut4_v of entity unisim.LUT4 [\LUT4(init="0101000001010011")(0...]
Compiling architecture lut2_v of entity unisim.LUT2 [\LUT2(init="0010")(0,3)\]
Compiling architecture lut4_v of entity unisim.LUT4 [\LUT4(init="0000000011001001")(0...]
Compiling architecture lut5_v of entity unisim.LUT5 [\LUT5(init="01000100010001000100...]
Compiling architecture lut5_v of entity unisim.LUT5 [\LUT5(init="01010101010101110000...]
Compiling architecture lut4_v of entity unisim.LUT4 [\LUT4(init="0101000001000011")(0...]
Compiling architecture fdce_v of entity unisim.FDCE [fdce_default]
Compiling architecture lut5_v of entity unisim.LUT5 [\LUT5(init="00000000000000000101...]
Compiling architecture lut2_v of entity unisim.LUT2 [\LUT2(init="0110")(0,3)\]
Compiling architecture lut6_v of entity unisim.LUT6 [\LUT6(init="00000000000000000000...]
Compiling architecture lut3_v of entity unisim.LUT3 [\LUT3(init="10000000")(0,7)\]
Compiling architecture lut5_v of entity unisim.LUT5 [\LUT5(init="00000001111111110000...]
Compiling architecture lut6_v of entity unisim.LUT6 [\LUT6(init="00000000000000000000...]
Compiling architecture lut4_v of entity unisim.LUT4 [\LUT4(init="0000000001010001")(0...]
Compiling architecture lut6_v of entity unisim.LUT6 [\LUT6(init="00000000000000000000...]
Compiling architecture lut6_v of entity unisim.LUT6 [\LUT6(init="00000000000000000000...]
Compiling architecture lut4_v of entity unisim.LUT4 [\LUT4(init="1111111111111110")(0...]
Compiling architecture lut6_v of entity unisim.LUT6 [\LUT6(init="00000000000000000000...]
Compiling architecture lut2_v of entity unisim.LUT2 [\LUT2(init="1110")(0,3)\]
Compiling architecture lut2_v of entity unisim.LUT2 [\LUT2(init="1011")(0,3)\]
Compiling architecture lut6_v of entity unisim.LUT6 [\LUT6(init="00000000000000000000...]
Compiling architecture lut6_v of entity unisim.LUT6 [\LUT6(init="00000000000000000000...]
Compiling architecture lut2_v of entity unisim.LUT2 [\LUT2(init="0111")(0,3)\]
Compiling architecture lut6_v of entity unisim.LUT6 [\LUT6(init="00000000000010000000...]
Compiling architecture lut6_v of entity unisim.LUT6 [\LUT6(init="00000000000000000000...]
Compiling architecture lut4_v of entity unisim.LUT4 [\LUT4(init="0111111111111111")(0...]
Compiling architecture lut6_v of entity unisim.LUT6 [\LUT6(init="00000000000000000000...]
Compiling architecture lut4_v of entity unisim.LUT4 [\LUT4(init="0011001100110100")(0...]
Compiling architecture lut2_v of entity unisim.LUT2 [\LUT2(init="1000")(0,3)\]
Compiling architecture lut6_v of entity unisim.LUT6 [\LUT6(init="00000000000000000000...]
Compiling architecture lut6_v of entity unisim.LUT6 [\LUT6(init="00000000000000000000...]
Compiling architecture lut6_v of entity unisim.LUT6 [\LUT6(init="00000000000000000000...]
Compiling architecture lut6_v of entity unisim.LUT6 [\LUT6(init="00000000000000000000...]
Compiling architecture lut6_v of entity unisim.LUT6 [\LUT6(init="00000000000000000000...]
Compiling architecture lut6_v of entity unisim.LUT6 [\LUT6(init="00000000000000000000...]
Compiling architecture lut6_v of entity unisim.LUT6 [\LUT6(init="00000000000000100000...]
Compiling architecture lut4_v of entity unisim.LUT4 [\LUT4(init="1111100010001000")(0...]
Compiling architecture lut4_v of entity unisim.LUT4 [\LUT4(init="0101010000000010")(0...]
Compiling architecture structure of entity xil_defaultlib.DMA [dma_default]
Compiling architecture lut4_v of entity unisim.LUT4 [\LUT4(init="1101011011111011")(0...]
Compiling architecture lut4_v of entity unisim.LUT4 [\LUT4(init="0110000101111111")(0...]
Compiling architecture lut4_v of entity unisim.LUT4 [\LUT4(init="0111111101100111")(0...]
Compiling architecture lut4_v of entity unisim.LUT4 [\LUT4(init="0011111011011011")(0...]
Compiling architecture lut4_v of entity unisim.LUT4 [\LUT4(init="1010100011101111")(0...]
Compiling architecture lut4_v of entity unisim.LUT4 [\LUT4(init="1010111001101111")(0...]
Compiling architecture lut4_v of entity unisim.LUT4 [\LUT4(init="1011111111011010")(0...]
Compiling architecture lut1_v of entity unisim.LUT1 [\LUT1(init="0010")(0,3)\]
Compiling architecture lut6_v of entity unisim.LUT6 [\LUT6(init="10000000000000000000...]
Compiling architecture fdre_v of entity unisim.FDRE [fdre_default]
Compiling architecture lut6_v of entity unisim.LUT6 [\LUT6(init="10101111101000001100...]
Compiling architecture muxf8_v of entity unisim.MUXF8 [muxf8_default]
Compiling architecture muxf7_v of entity unisim.MUXF7 [muxf7_default]
Compiling architecture structure of entity xil_defaultlib.ram [ram_default]
Compiling architecture fdpe_v of entity unisim.FDPE [fdpe_default]
Compiling architecture bufg_v of entity unisim.BUFG [bufg_default]
Compiling architecture mmcme2_adv_v of entity unisim.MMCME2_ADV [\MMCME2_ADV(clkfbout_mult_f=8.5,...]
Compiling architecture structure of entity xil_defaultlib.Clk_Gen_Clk_Gen_clk_wiz [clk_gen_clk_gen_clk_wiz_default]
Compiling architecture structure of entity xil_defaultlib.Clk_Gen [clk_gen_default]
Compiling architecture gnd_v of entity unisim.GND [gnd_default]
Compiling architecture vcc_v of entity unisim.VCC [vcc_default]
Compiling architecture lut3_v of entity unisim.LUT3 [\LUT3(init="11110100")(0,7)\]
Compiling architecture fdse_v of entity unisim.FDSE [fdse_default]
Compiling architecture structure of entity xil_defaultlib.fifo_rd_status_flags_ss [fifo_rd_status_flags_ss_default]
Compiling architecture lut3_v of entity unisim.LUT3 [\LUT3(init="01101010")(0,7)\]
Compiling architecture lut4_v of entity unisim.LUT4 [\LUT4(init="0110101010101010")(0...]
Compiling architecture structure of entity xil_defaultlib.fifo_rd_bin_cntr [fifo_rd_bin_cntr_default]
Compiling architecture structure of entity xil_defaultlib.fifo_rd_logic [fifo_rd_logic_default]
Compiling architecture structure of entity xil_defaultlib.fifo_wr_status_flags_ss [fifo_wr_status_flags_ss_default]
Compiling architecture lut6_v of entity unisim.LUT6 [\LUT6(init="11111111110011001000...]
Compiling architecture lut3_v of entity unisim.LUT3 [\LUT3(init="10000100")(0,7)\]
Compiling architecture lut6_v of entity unisim.LUT6 [\LUT6(init="10000000000010000010...]
Compiling architecture lut5_v of entity unisim.LUT5 [\LUT5(init="11101010111111110100...]
Compiling architecture lut3_v of entity unisim.LUT3 [\LUT3(init="11011110")(0,7)\]
Compiling architecture lut5_v of entity unisim.LUT5 [\LUT5(init="11111111111111111000...]
Compiling architecture lut6_v of entity unisim.LUT6 [\LUT6(init="01111111111101111101...]
Compiling architecture structure of entity xil_defaultlib.fifo_wr_bin_cntr [fifo_wr_bin_cntr_default]
Compiling architecture structure of entity xil_defaultlib.fifo_wr_logic [fifo_wr_logic_default]
Compiling architecture rb18_internal_vhdl_v of entity unisim.RB18_INTERNAL_VHDL [\RB18_INTERNAL_VHDL(bram_size=18...]
Compiling architecture ramb18e1_v of entity unisim.RAMB18E1 [\RAMB18E1(ram_mode="SDP",read_wi...]
Compiling architecture structure of entity xil_defaultlib.fifo_blk_mem_gen_prim_wrapper [fifo_blk_mem_gen_prim_wrapper_de...]
Compiling architecture structure of entity xil_defaultlib.fifo_blk_mem_gen_prim_width [fifo_blk_mem_gen_prim_width_defa...]
Compiling architecture structure of entity xil_defaultlib.fifo_blk_mem_gen_generic_cstr [fifo_blk_mem_gen_generic_cstr_de...]
Compiling architecture structure of entity xil_defaultlib.fifo_blk_mem_gen_top [fifo_blk_mem_gen_top_default]
Compiling architecture structure of entity xil_defaultlib.fifo_blk_mem_gen_v8_3_6_synth [fifo_blk_mem_gen_v8_3_6_synth_de...]
Compiling architecture structure of entity xil_defaultlib.fifo_blk_mem_gen_v8_3_6 [fifo_blk_mem_gen_v8_3_6_default]
Compiling architecture structure of entity xil_defaultlib.fifo_memory [fifo_memory_default]
Compiling architecture structure of entity xil_defaultlib.fifo_fifo_generator_ramfifo [fifo_fifo_generator_ramfifo_defa...]
Compiling architecture structure of entity xil_defaultlib.fifo_fifo_generator_top [fifo_fifo_generator_top_default]
Compiling architecture structure of entity xil_defaultlib.fifo_fifo_generator_v13_1_4_synth [fifo_fifo_generator_v13_1_4_synt...]
Compiling architecture structure of entity xil_defaultlib.fifo_fifo_generator_v13_1_4 [fifo_fifo_generator_v13_1_4_defa...]
Compiling architecture structure of entity xil_defaultlib.fifo [fifo_default]
Compiling architecture lut6_v of entity unisim.LUT6 [\LUT6(init="00000000000000000000...]
Compiling architecture lut5_v of entity unisim.LUT5 [\LUT5(init="00000000000000001111...]
Compiling architecture lut3_v of entity unisim.LUT3 [\LUT3(init="00001110")(0,7)\]
Compiling architecture lut5_v of entity unisim.LUT5 [\LUT5(init="00000000111000001110...]
Compiling architecture lut6_v of entity unisim.LUT6 [\LUT6(init="00000000111000001110...]
Compiling architecture lut6_v of entity unisim.LUT6 [\LUT6(init="11100000000000001110...]
Compiling architecture lut3_v of entity unisim.LUT3 [\LUT3(init="01111111")(0,7)\]
Compiling architecture lut5_v of entity unisim.LUT5 [\LUT5(init="10001000100010000010...]
Compiling architecture lut6_v of entity unisim.LUT6 [\LUT6(init="10001000100010001000...]
Compiling architecture lut3_v of entity unisim.LUT3 [\LUT3(init="00000010")(0,7)\]
Compiling architecture lut4_v of entity unisim.LUT4 [\LUT4(init="0000000001100000")(0...]
Compiling architecture lut5_v of entity unisim.LUT5 [\LUT5(init="00000000000000000110...]
Compiling architecture lut6_v of entity unisim.LUT6 [\LUT6(init="11111111111111111111...]
Compiling architecture lut6_v of entity unisim.LUT6 [\LUT6(init="00000000000000000000...]
Compiling architecture lut5_v of entity unisim.LUT5 [\LUT5(init="11111111000001010000...]
Compiling architecture lut4_v of entity unisim.LUT4 [\LUT4(init="0000000100000000")(0...]
Compiling architecture lut3_v of entity unisim.LUT3 [\LUT3(init="11000110")(0,7)\]
Compiling architecture lut5_v of entity unisim.LUT5 [\LUT5(init="11111111111111111111...]
Compiling architecture lut6_v of entity unisim.LUT6 [\LUT6(init="01000000010000000100...]
Compiling architecture lut3_v of entity unisim.LUT3 [\LUT3(init="00001000")(0,7)\]
Compiling architecture lut6_v of entity unisim.LUT6 [\LUT6(init="00000000000000000000...]
Compiling architecture structure of entity xil_defaultlib.RS232_RX [rs232_rx_default]
Compiling architecture structure of entity xil_defaultlib.ShiftRegister [shiftregister_default]
Compiling architecture lut4_v of entity unisim.LUT4 [\LUT4(init="1010101110101010")(0...]
Compiling architecture lut4_v of entity unisim.LUT4 [\LUT4(init="0000000011111101")(0...]
Compiling architecture lut6_v of entity unisim.LUT6 [\LUT6(init="11111100111111001111...]
Compiling architecture lut3_v of entity unisim.LUT3 [\LUT3(init="11101111")(0,7)\]
Compiling architecture lut5_v of entity unisim.LUT5 [\LUT5(init="00001110111111110000...]
Compiling architecture lut6_v of entity unisim.LUT6 [\LUT6(init="11111111111111111111...]
Compiling architecture lut6_v of entity unisim.LUT6 [\LUT6(init="10000000100000001000...]
Compiling architecture lut6_v of entity unisim.LUT6 [\LUT6(init="01000000010000000100...]
Compiling architecture lut4_v of entity unisim.LUT4 [\LUT4(init="1111101100000100")(0...]
Compiling architecture lut5_v of entity unisim.LUT5 [\LUT5(init="11111111110111110000...]
Compiling architecture lut6_v of entity unisim.LUT6 [\LUT6(init="11111111111111111111...]
Compiling architecture lut5_v of entity unisim.LUT5 [\LUT5(init="11111111000011001010...]
Compiling architecture lut5_v of entity unisim.LUT5 [\LUT5(init="01000000000000000000...]
Compiling architecture lut3_v of entity unisim.LUT3 [\LUT3(init="10100110")(0,7)\]
Compiling architecture lut3_v of entity unisim.LUT3 [\LUT3(init="00101000")(0,7)\]
Compiling architecture lut4_v of entity unisim.LUT4 [\LUT4(init="0010100010001000")(0...]
Compiling architecture lut5_v of entity unisim.LUT5 [\LUT5(init="00101000100010001000...]
Compiling architecture lut6_v of entity unisim.LUT6 [\LUT6(init="00101000100010001000...]
Compiling architecture lut6_v of entity unisim.LUT6 [\LUT6(init="11110000111100001111...]
Compiling architecture lut4_v of entity unisim.LUT4 [\LUT4(init="1010101001101010")(0...]
Compiling architecture lut5_v of entity unisim.LUT5 [\LUT5(init="10101010101010100110...]
Compiling architecture structure of entity xil_defaultlib.RS232_TX [rs232_tx_default]
Compiling architecture structure of entity xil_defaultlib.RS232top [rs232top_default]
Compiling architecture iobuf_v of entity unisim.IOBUF [\IOBUF(1,7,1,4)\]
Compiling architecture structure of entity xil_defaultlib.RS232dmaramtop [rs232dmaramtop_default]
Compiling architecture testbench of entity xil_defaultlib.rs232dmaramtop_tb
Built simulation snapshot RS232dmaramtop_TB_func_synth
