Unable to capture context for thread 12412 in process 9476, can not generate back trace
Exception at PC 0x000007FE97C3BB93
Printing stacktrace...

[0]  [0x000007FE97C3BB93]
[1]  [0x000007FE97C3BB93]
[2]  [0x000007FE97C3B4A1]
[3]  [0x000007FE97C3B3EF]
[4]  [0x000007FE97C219FE]
[5]  [0x000007FE97C20ED1]
[6]  [0x000007FE97C20D76]
[7]  [0x000007FE97BC79F6]
[8]  [0x000007FE97BB7AFB]
[9]  [0x000007FE97CDE90A]
[10]  [0x000007FE97CF9F87]
[11]  [0x000007FE97CFA05F]
[12] (BaseThreadInitThunk+0xd) [0x0000000076BD59ED]
[13] (RtlUserThreadStart+0x21) [0x0000000076E0C541]
Done
Exception at PC 0x000007FE97941A52
Attemped to write at address 0x000007FEC2E2ABA4
Printing stacktrace...

[0]  [0x000007FE97941A52]
[1]  [0x000007FE97941A52]
[2]  [0x000007FE97941AD4]
[3]  [0x000007FE97A83FF7]
[4]  [0x000007FE97969128]
[5]  [0x000007FE97C1DFB9]
[6]  [0x000007FE97DEEF23]
[7]  [0x000007FE97CFB06B]
[8]  [0x000007FE97CF08AF]
[9]  [0x000007FE97CF0A32]
[10] (LdrShutdownProcess+0x1d1) [0x0000000076E043A1]
[11] (RtlExitUserProcess+0x90) [0x0000000076E041B0]
[12] (wcstoui64+0x2fa) [0x000007FEFE0199E2]
[13]  [0x00000000004014CD]
[14]  [0x000000000040151B]
[15] (BaseThreadInitThunk+0xd) [0x0000000076BD59ED]
[16] (RtlUserThreadStart+0x21) [0x0000000076E0C541]
Done
