INFO: [VRFC 10-163] Analyzing VHDL file "C:/Users/joseangelSSD/Documents/LCSE1819/RS232TOP/RS232TOP.srcs/sources_1/ip/fifo/fifo_sim_netlist.vhdl" into library xil_defaultlib
INFO: [VRFC 10-307] analyzing entity fifo_blk_mem_gen_prim_wrapper
INFO: [VRFC 10-307] analyzing entity fifo_rd_bin_cntr
INFO: [VRFC 10-307] analyzing entity fifo_rd_status_flags_ss
INFO: [VRFC 10-307] analyzing entity fifo_wr_bin_cntr
INFO: [VRFC 10-307] analyzing entity fifo_wr_status_flags_ss
INFO: [VRFC 10-307] analyzing entity fifo_blk_mem_gen_prim_width
INFO: [VRFC 10-307] analyzing entity fifo_rd_logic
INFO: [VRFC 10-307] analyzing entity fifo_wr_logic
INFO: [VRFC 10-307] analyzing entity fifo_blk_mem_gen_generic_cstr
INFO: [VRFC 10-307] analyzing entity fifo_blk_mem_gen_top
INFO: [VRFC 10-307] analyzing entity fifo_blk_mem_gen_v8_3_6_synth
INFO: [VRFC 10-307] analyzing entity fifo_blk_mem_gen_v8_3_6
INFO: [VRFC 10-307] analyzing entity fifo_memory
INFO: [VRFC 10-307] analyzing entity fifo_fifo_generator_ramfifo
INFO: [VRFC 10-307] analyzing entity fifo_fifo_generator_top
INFO: [VRFC 10-307] analyzing entity fifo_fifo_generator_v13_1_4_synth
INFO: [VRFC 10-307] analyzing entity fifo_fifo_generator_v13_1_4
INFO: [VRFC 10-307] analyzing entity fifo
INFO: [VRFC 10-163] Analyzing VHDL file "C:/Users/joseangelSSD/Documents/LCSE1819/RS232TOP/RS232TOP.srcs/sources_1/ip/Clk_Gen/Clk_Gen_sim_netlist.vhdl" into library xil_defaultlib
INFO: [VRFC 10-307] analyzing entity Clk_Gen_Clk_Gen_clk_wiz
INFO: [VRFC 10-307] analyzing entity Clk_Gen
INFO: [VRFC 10-163] Analyzing VHDL file "C:/Users/joseangelSSD/Documents/LCSE1819/RS232/RS232_RX.vhd" into library xil_defaultlib
INFO: [VRFC 10-307] analyzing entity RS232_RX
INFO: [VRFC 10-163] Analyzing VHDL file "C:/Users/joseangelSSD/Documents/LCSE1819/RS232/RS232_TX.vhd" into library xil_defaultlib
INFO: [VRFC 10-307] analyzing entity RS232_TX
INFO: [VRFC 10-163] Analyzing VHDL file "C:/Users/joseangelSSD/Documents/LCSE1819/RS232/RS232top.vhd" into library xil_defaultlib
INFO: [VRFC 10-307] analyzing entity RS232top
INFO: [VRFC 10-163] Analyzing VHDL file "C:/Users/joseangelSSD/Documents/LCSE1819/RS232/ShiftRegister.vhd" into library xil_defaultlib
INFO: [VRFC 10-307] analyzing entity ShiftRegister
INFO: [VRFC 10-163] Analyzing VHDL file "C:/Users/joseangelSSD/Documents/LCSE1819/RS232/tb_RS232top.vhd" into library xil_defaultlib
INFO: [VRFC 10-307] analyzing entity RS232top_TB
