Unable to capture context for thread 24176 in process 22960, can not generate back trace
Unable to capture context for thread 25572 in process 22960, can not generate back trace
Exception at PC 0x000007FEC5FDBB93
Printing stacktrace...

[0]  [0x000007FEC5FDBB93]
[1]  [0x000007FEC5FDBB93]
[2]  [0x000007FEC5FDB4A1]
[3]  [0x000007FEC5FDB3EF]
[4]  [0x000007FEC5FC19FE]
[5]  [0x000007FEC5FC0ED1]
[6]  [0x000007FEC5FC0D76]
[7]  [0x000007FEC5F679F6]
[8]  [0x000007FEC5F57AFB]
[9]  [0x000007FEC607E90A]
[10]  [0x000007FEC6099F87]
[11]  [0x000007FEC609A05F]
[12] (BaseThreadInitThunk+0xd) [0x0000000076F459ED]
[13] (RtlUserThreadStart+0x21) [0x000000007717C541]
Done
Exception at PC 0x000007FEC5CE1A52
Attemped to write at address 0x000007FEDDB4ABA4
Printing stacktrace...

[0]  [0x000007FEC5CE1A52]
[1]  [0x000007FEC5CE1A52]
[2]  [0x000007FEC5CE1AD4]
[3]  [0x000007FEC5E23FF7]
[4]  [0x000007FEC5D09128]
[5]  [0x000007FEC5FBDFB9]
[6]  [0x000007FEC618EF23]
[7]  [0x000007FEC609B06B]
[8]  [0x000007FEC60908AF]
[9]  [0x000007FEC6090A32]
[10] (LdrShutdownProcess+0x1d1) [0x00000000771743A1]
[11] (RtlExitUserProcess+0x90) [0x00000000771741B0]
[12] (wcstoui64+0x2fa) [0x000007FEFD9A99E2]
[13]  [0x00000000004014CD]
[14]  [0x000000000040151B]
[15] (BaseThreadInitThunk+0xd) [0x0000000076F459ED]
[16] (RtlUserThreadStart+0x21) [0x000000007717C541]
Done
