Exception at PC 0x000007FE96B3BB93
Printing stacktrace...

[0]  [0x000007FE96B3BB93]
[1]  [0x000007FE96B3BB93]
[2]  [0x000007FE96B3B4A1]
[3]  [0x000007FE96B3B3EF]
[4]  [0x000007FE96B219FE]
[5]  [0x000007FE96B20ED1]
[6]  [0x000007FE96B20D76]
[7]  [0x000007FE96AC79F6]
[8]  [0x000007FE96AB7AFB]
[9]  [0x000007FE96BDE90A]
[10]  [0x000007FE96BF9F87]
[11]  [0x000007FE96BFA05F]
[12] (BaseThreadInitThunk+0xd) [0x00000000776A59ED]
[13] (RtlUserThreadStart+0x21) [0x00000000778DC541]
Done
Exception at PC 0x000007FE96841A52
Attemped to write at address 0x000007FED223ABA4
Printing stacktrace...

[0]  [0x000007FE96841A52]
[1]  [0x000007FE96841A52]
[2]  [0x000007FE96841AD4]
[3]  [0x000007FE96983FF7]
[4]  [0x000007FE96869128]
[5]  [0x000007FE96B1DFB9]
[6]  [0x000007FE96CEEF23]
[7]  [0x000007FE96BFB06B]
[8]  [0x000007FE96BF08AF]
[9]  [0x000007FE96BF0A32]
[10] (LdrShutdownProcess+0x1d1) [0x00000000778D43A1]
[11] (RtlExitUserProcess+0x90) [0x00000000778D41B0]
[12] (wcstoui64+0x2fa) [0x000007FEFF7F99E2]
[13]  [0x00000000004014CD]
[14]  [0x000000000040151B]
[15] (BaseThreadInitThunk+0xd) [0x00000000776A59ED]
[16] (RtlUserThreadStart+0x21) [0x00000000778DC541]
Done
