Unable to capture context for thread 944 in process 5648, can not generate back trace
Exception at PC 0x000007FE9F33BB93
Printing stacktrace...

[0]  [0x000007FE9F33BB93]
[1]  [0x000007FE9F33BB93]
[2]  [0x000007FE9F33B4A1]
[3]  [0x000007FE9F33B3EF]
[4]  [0x000007FE9F3219FE]
[5]  [0x000007FE9F320ED1]
[6]  [0x000007FE9F320D76]
[7]  [0x000007FE9F2C79F6]
[8]  [0x000007FE9F2B7AFB]
[9]  [0x000007FE9F3DE90A]
[10]  [0x000007FE9F3F9F87]
[11]  [0x000007FE9F3FA05F]
[12] (BaseThreadInitThunk+0xd) [0x00000000776A59ED]
[13] (RtlUserThreadStart+0x21) [0x00000000778DC541]
Done
Exception at PC 0x000007FE9F041A52
Attemped to write at address 0x000007FEE25AABA4
Printing stacktrace...

[0]  [0x000007FE9F041A52]
[1]  [0x000007FE9F041A52]
[2]  [0x000007FE9F041AD4]
[3]  [0x000007FE9F183FF7]
[4]  [0x000007FE9F069128]
[5]  [0x000007FE9F31DFB9]
[6]  [0x000007FE9F4EEF23]
[7]  [0x000007FE9F3FB06B]
[8]  [0x000007FE9F3F08AF]
[9]  [0x000007FE9F3F0A32]
[10] (LdrShutdownProcess+0x1d1) [0x00000000778D43A1]
[11] (RtlExitUserProcess+0x90) [0x00000000778D41B0]
[12] (wcstoui64+0x2fa) [0x000007FEFF7F99E2]
[13]  [0x00000000004014CD]
[14]  [0x000000000040151B]
[15] (BaseThreadInitThunk+0xd) [0x00000000776A59ED]
[16] (RtlUserThreadStart+0x21) [0x00000000778DC541]
Done
